ERROR:root:Problems in the frequency bit test
INFO:root:Frequency bit test passed successfully
ERROR:root:Problems in the frequency bit test: cannot access local variable 'sum' where it is not associated with a value
INFO:root:Frequency bit test passed successfully
INFO:root:Frequency bit test passed successfully
ERROR:root:Error in saving results: write() argument must be str, not float
INFO:root:Frequency bit test passed successfully
ERROR:root:Error in saving results: not writable
INFO:root:Frequency bit test passed successfully
ERROR:root:Error in saving results: not writable
INFO:root:Frequency bit test passed successfully
INFO:root:Results uploaded successfully
INFO:root:Frequency bit test passed successfully
INFO:root:Results uploaded successfully
INFO:root:Frequency bit test passed successfully
INFO:root:Results uploaded successfully
INFO:root:Frequency bit test passed successfully
INFO:root:Results uploaded successfully
INFO:root:Frequency bit test passed successfully
INFO:root:Results uploaded successfully
INFO:root:Frequency bit test passed successfully
INFO:root:Results uploaded successfully
INFO:root:Frequency bit test passed successfully
INFO:root:Results uploaded successfully
INFO:root:Frequency bit test passed successfully
INFO:root:Results uploaded successfully
INFO:root:Frequency bit test passed successfully
INFO:root:Results uploaded successfully
INFO:root:Frequency bit test passed successfully
INFO:root:Results uploaded successfully
